<?xml version="1.0" encoding="UTF-8"?>
<!-- Generated by org.testng.reporters.JUnitXMLReporter -->
<testsuite hostname="DESKTOP-5T03LQ5" ignored="0" name="AddACustomerTest" tests="2" failures="0" timestamp="2022-09-20T13:31:09 IST" time="73.641" errors="0">
  <testcase name="addACustomerTest" time="20.905" classname="com.XYZBank.testscripts.BankManagerHomePageTest"/>
  <testcase name="addACustomerTest" time="50.446" classname="com.XYZBank.testscripts.BankManagerHomePageTest"/>
</testsuite> <!-- AddACustomerTest -->
