<?xml version="1.0" encoding="UTF-8"?>
<!-- Generated by org.testng.reporters.JUnitXMLReporter -->
<testsuite hostname="DESKTOP-5T03LQ5" ignored="0" name="AddACustomerTest" tests="2" failures="0" timestamp="2022-09-24T13:21:51 IST" time="109.844" errors="0">
  <testcase name="addACustomerTest" time="49.489" classname="com.XYZBank.testscripts.BankManagerHomePageTest"/>
  <testcase name="addACustomerTest" time="48.17" classname="com.XYZBank.testscripts.BankManagerHomePageTest"/>
</testsuite> <!-- AddACustomerTest -->
