<?xml version="1.0" encoding="UTF-8"?>
<testng-results skipped="0" failed="0" ignored="0" total="1" passed="1">
  <reporter-output>
  </reporter-output>
  <suite name="Suite" duration-ms="31333" started-at="2022-09-24T12:50:40 IST" finished-at="2022-09-24T12:51:12 IST">
    <groups>
    </groups>
    <test name="Test" duration-ms="31333" started-at="2022-09-24T12:50:40 IST" finished-at="2022-09-24T12:51:12 IST">
      <class name="com.XYZBank.testscripts.HomePageTest">
        <test-method status="PASS" signature="frameworksetUp()[pri:0, instance:com.XYZBank.testscripts.HomePageTest@6646153]" name="frameworksetUp" is-config="true" duration-ms="24" started-at="2022-09-24T12:50:40 IST" finished-at="2022-09-24T12:50:40 IST">
          <reporter-output>
          </reporter-output>
        </test-method> <!-- frameworksetUp -->
        <test-method status="PASS" signature="bankManagerLogin()[pri:0, instance:com.XYZBank.testscripts.HomePageTest@6646153]" name="bankManagerLogin" duration-ms="31224" started-at="2022-09-24T12:50:40 IST" finished-at="2022-09-24T12:51:12 IST">
          <reporter-output>
          </reporter-output>
        </test-method> <!-- bankManagerLogin -->
        <test-method status="PASS" signature="close()[pri:0, instance:com.XYZBank.testscripts.HomePageTest@6646153]" name="close" is-config="true" duration-ms="1859" started-at="2022-09-24T12:51:16 IST" finished-at="2022-09-24T12:51:18 IST">
          <reporter-output>
          </reporter-output>
        </test-method> <!-- close -->
      </class> <!-- com.XYZBank.testscripts.HomePageTest -->
    </test> <!-- Test -->
  </suite> <!-- Suite -->
</testng-results>
