<?xml version="1.0" encoding="UTF-8"?>
<testng-results skipped="0" failed="0" ignored="0" total="2" passed="2">
  <reporter-output>
  </reporter-output>
  <suite name="Suite" duration-ms="109844" started-at="2022-09-24T13:20:00 IST" finished-at="2022-09-24T13:21:49 IST">
    <groups>
    </groups>
    <test name="AddACustomerTest" duration-ms="109844" started-at="2022-09-24T13:20:00 IST" finished-at="2022-09-24T13:21:49 IST">
      <class name="com.XYZBank.testscripts.BankManagerHomePageTest">
        <test-method status="PASS" signature="frameworksetUp()[pri:0, instance:com.XYZBank.testscripts.BankManagerHomePageTest@418e7838]" name="frameworksetUp" is-config="true" duration-ms="172" started-at="2022-09-24T13:19:59 IST" finished-at="2022-09-24T13:20:00 IST">
          <reporter-output>
          </reporter-output>
        </test-method> <!-- frameworksetUp -->
        <test-method status="PASS" signature="addACustomerTest(java.lang.String, java.lang.String, java.lang.String)[pri:0, instance:com.XYZBank.testscripts.BankManagerHomePageTest@418e7838]" name="addACustomerTest" duration-ms="49489" started-at="2022-09-24T13:20:11 IST" data-provider="masterDP" finished-at="2022-09-24T13:21:01 IST">
          <params>
            <param index="0">
              <value>
                <![CDATA[Sunny]]>
              </value>
            </param>
            <param index="1">
              <value>
                <![CDATA[Kumar]]>
              </value>
            </param>
            <param index="2">
              <value>
                <![CDATA[ABCDFE]]>
              </value>
            </param>
          </params>
          <reporter-output>
          </reporter-output>
        </test-method> <!-- addACustomerTest -->
        <test-method status="PASS" signature="addACustomerTest(java.lang.String, java.lang.String, java.lang.String)[pri:0, instance:com.XYZBank.testscripts.BankManagerHomePageTest@418e7838]" name="addACustomerTest" duration-ms="48170" started-at="2022-09-24T13:21:01 IST" data-provider="masterDP" finished-at="2022-09-24T13:21:49 IST">
          <params>
            <param index="0">
              <value>
                <![CDATA[Rahul]]>
              </value>
            </param>
            <param index="1">
              <value>
                <![CDATA[Kumar]]>
              </value>
            </param>
            <param index="2">
              <value>
                <![CDATA[ABCDFE]]>
              </value>
            </param>
          </params>
          <reporter-output>
          </reporter-output>
        </test-method> <!-- addACustomerTest -->
        <test-method status="PASS" signature="close()[pri:0, instance:com.XYZBank.testscripts.BankManagerHomePageTest@418e7838]" name="close" is-config="true" duration-ms="6164" started-at="2022-09-24T13:21:56 IST" finished-at="2022-09-24T13:22:02 IST">
          <reporter-output>
          </reporter-output>
        </test-method> <!-- close -->
      </class> <!-- com.XYZBank.testscripts.BankManagerHomePageTest -->
    </test> <!-- AddACustomerTest -->
  </suite> <!-- Suite -->
</testng-results>
